<?xml version="1.0" encoding="UTF-8"?>
<coverage generated="1773314302628" clover="3.2.0">
  <project timestamp="1773314302628" name="All files">
    <metrics statements="90" coveredstatements="81" conditionals="16" coveredconditionals="11" methods="24" coveredmethods="22" elements="130" coveredelements="114" complexity="0" loc="90" ncloc="90" packages="1" files="1" classes="1"/>
    <file name="encryptionService.ts" path="/data/data/com.termux/files/home/chatie/frontend/src/lib/encryption/encryptionService.ts">
      <metrics statements="90" coveredstatements="81" conditionals="16" coveredconditionals="11" methods="24" coveredmethods="22"/>
      <line num="14" count="20" type="stmt"/>
      <line num="15" count="20" type="stmt"/>
      <line num="16" count="20" type="stmt"/>
      <line num="17" count="20" type="stmt"/>
      <line num="18" count="20" type="stmt"/>
      <line num="22" count="18" type="stmt"/>
      <line num="31" count="18" type="stmt"/>
      <line num="32" count="18" type="stmt"/>
      <line num="34" count="18" type="stmt"/>
      <line num="35" count="18" type="stmt"/>
      <line num="37" count="18" type="stmt"/>
      <line num="44" count="18" type="stmt"/>
      <line num="46" count="18" type="stmt"/>
      <line num="51" count="2" type="stmt"/>
      <line num="52" count="64" type="stmt"/>
      <line num="54" count="2" type="stmt"/>
      <line num="62" count="2" type="stmt"/>
      <line num="63" count="2" type="stmt"/>
      <line num="65" count="2" type="stmt"/>
      <line num="72" count="2" type="stmt"/>
      <line num="74" count="2" type="stmt"/>
      <line num="76" count="0" type="stmt"/>
      <line num="77" count="0" type="stmt"/>
      <line num="83" count="18" type="cond" truecount="1" falsecount="1"/>
      <line num="84" count="0" type="stmt"/>
      <line num="87" count="18" type="stmt"/>
      <line num="88" count="18" type="stmt"/>
      <line num="90" count="18" type="stmt"/>
      <line num="96" count="18" type="stmt"/>
      <line num="101" count="18" type="stmt"/>
      <line num="102" count="18" type="stmt"/>
      <line num="107" count="18" type="cond" truecount="1" falsecount="1"/>
      <line num="108" count="0" type="stmt"/>
      <line num="111" count="18" type="stmt"/>
      <line num="112" count="18" type="stmt"/>
      <line num="114" count="18" type="stmt"/>
      <line num="116" count="18" type="stmt"/>
      <line num="126" count="18" type="stmt"/>
      <line num="127" count="18" type="stmt"/>
      <line num="128" count="18" type="stmt"/>
      <line num="130" count="18" type="stmt"/>
      <line num="131" count="18" type="stmt"/>
      <line num="132" count="18" type="stmt"/>
      <line num="134" count="18" type="stmt"/>
      <line num="136" count="18" type="stmt"/>
      <line num="147" count="18" type="cond" truecount="1" falsecount="1"/>
      <line num="148" count="0" type="stmt"/>
      <line num="151" count="18" type="cond" truecount="2" falsecount="0"/>
      <line num="152" count="1" type="stmt"/>
      <line num="153" count="1" type="stmt"/>
      <line num="156" count="17" type="stmt"/>
      <line num="157" count="113373" type="stmt"/>
      <line num="159" count="17" type="cond" truecount="1" falsecount="1"/>
      <line num="160" count="0" type="stmt"/>
      <line num="163" count="16" type="stmt"/>
      <line num="164" count="16" type="stmt"/>
      <line num="166" count="16" type="stmt"/>
      <line num="176" count="16" type="stmt"/>
      <line num="178" count="1" type="stmt"/>
      <line num="179" count="1" type="stmt"/>
      <line num="185" count="4" type="cond" truecount="1" falsecount="1"/>
      <line num="186" count="0" type="stmt"/>
      <line num="188" count="4" type="stmt"/>
      <line num="193" count="8" type="stmt"/>
      <line num="198" count="0" type="stmt"/>
      <line num="203" count="2" type="stmt"/>
      <line num="212" count="20" type="stmt"/>
      <line num="217" count="18" type="stmt"/>
      <line num="218" count="18" type="stmt"/>
      <line num="219" count="18" type="stmt"/>
      <line num="220" count="18" type="stmt"/>
      <line num="225" count="2" type="stmt"/>
      <line num="226" count="2" type="stmt"/>
      <line num="227" count="2" type="stmt"/>
      <line num="228" count="2" type="stmt"/>
      <line num="233" count="18" type="stmt"/>
      <line num="238" count="18" type="stmt"/>
      <line num="243" count="4" type="stmt"/>
      <line num="248" count="8" type="stmt"/>
      <line num="253" count="0" type="stmt"/>
      <line num="258" count="2" type="stmt"/>
      <line num="264" count="1" type="stmt"/>
      <line num="267" count="2" type="cond" truecount="2" falsecount="0"/>
      <line num="268" count="1" type="stmt"/>
      <line num="270" count="2" type="stmt"/>
      <line num="274" count="1" type="stmt"/>
      <line num="275" count="1" type="stmt"/>
      <line num="279" count="14" type="cond" truecount="2" falsecount="0"/>
      <line num="280" count="2" type="stmt"/>
      <line num="281" count="2" type="stmt"/>
    </file>
  </project>
</coverage>
