{"/data/data/com.termux/files/home/chatie/frontend/src/lib/encryption/encryptionService.ts": {"path":"/data/data/com.termux/files/home/chatie/frontend/src/lib/encryption/encryptionService.ts","statementMap":{"0":{"start":{"line":14,"column":34},"end":{"line":14,"column":null}},"1":{"start":{"line":15,"column":26},"end":{"line":15,"column":null}},"2":{"start":{"line":16,"column":39},"end":{"line":16,"column":null}},"3":{"start":{"line":17,"column":36},"end":{"line":17,"column":null}},"4":{"start":{"line":18,"column":38},"end":{"line":18,"column":null}},"5":{"start":{"line":22,"column":4},"end":{"line":29,"column":null}},"6":{"start":{"line":31,"column":21},"end":{"line":31,"column":null}},"7":{"start":{"line":32,"column":4},"end":{"line":32,"column":null}},"8":{"start":{"line":34,"column":19},"end":{"line":34,"column":null}},"9":{"start":{"line":35,"column":4},"end":{"line":35,"column":null}},"10":{"start":{"line":37,"column":28},"end":{"line":43,"column":null}},"11":{"start":{"line":44,"column":4},"end":{"line":44,"column":null}},"12":{"start":{"line":46,"column":4},"end":{"line":46,"column":null}},"13":{"start":{"line":51,"column":4},"end":{"line":78,"column":null}},"14":{"start":{"line":52,"column":23},"end":{"line":52,"column":null}},"15":{"start":{"line":52,"column":58},"end":{"line":52,"column":73}},"16":{"start":{"line":54,"column":6},"end":{"line":60,"column":null}},"17":{"start":{"line":62,"column":6},"end":{"line":62,"column":null}},"18":{"start":{"line":63,"column":6},"end":{"line":63,"column":null}},"19":{"start":{"line":65,"column":30},"end":{"line":71,"column":null}},"20":{"start":{"line":72,"column":6},"end":{"line":72,"column":null}},"21":{"start":{"line":74,"column":6},"end":{"line":74,"column":null}},"22":{"start":{"line":76,"column":6},"end":{"line":76,"column":null}},"23":{"start":{"line":77,"column":6},"end":{"line":77,"column":null}},"24":{"start":{"line":83,"column":4},"end":{"line":85,"column":null}},"25":{"start":{"line":84,"column":6},"end":{"line":84,"column":null}},"26":{"start":{"line":87,"column":20},"end":{"line":87,"column":null}},"27":{"start":{"line":88,"column":20},"end":{"line":88,"column":null}},"28":{"start":{"line":90,"column":22},"end":{"line":94,"column":null}},"29":{"start":{"line":96,"column":4},"end":{"line":96,"column":null}},"30":{"start":{"line":101,"column":18},"end":{"line":101,"column":null}},"31":{"start":{"line":102,"column":4},"end":{"line":102,"column":null}},"32":{"start":{"line":107,"column":4},"end":{"line":109,"column":null}},"33":{"start":{"line":108,"column":6},"end":{"line":108,"column":null}},"34":{"start":{"line":111,"column":20},"end":{"line":111,"column":null}},"35":{"start":{"line":112,"column":17},"end":{"line":112,"column":null}},"36":{"start":{"line":114,"column":15},"end":{"line":114,"column":null}},"37":{"start":{"line":116,"column":23},"end":{"line":124,"column":null}},"38":{"start":{"line":126,"column":19},"end":{"line":126,"column":null}},"39":{"start":{"line":127,"column":4},"end":{"line":127,"column":null}},"40":{"start":{"line":128,"column":4},"end":{"line":128,"column":null}},"41":{"start":{"line":130,"column":21},"end":{"line":130,"column":null}},"42":{"start":{"line":131,"column":18},"end":{"line":131,"column":null}},"43":{"start":{"line":132,"column":26},"end":{"line":132,"column":null}},"44":{"start":{"line":134,"column":17},"end":{"line":134,"column":null}},"45":{"start":{"line":136,"column":4},"end":{"line":142,"column":null}},"46":{"start":{"line":147,"column":4},"end":{"line":149,"column":null}},"47":{"start":{"line":148,"column":6},"end":{"line":148,"column":null}},"48":{"start":{"line":151,"column":4},"end":{"line":154,"column":null}},"49":{"start":{"line":152,"column":6},"end":{"line":152,"column":null}},"50":{"start":{"line":153,"column":6},"end":{"line":153,"column":null}},"51":{"start":{"line":156,"column":4},"end":{"line":180,"column":null}},"52":{"start":{"line":157,"column":19},"end":{"line":157,"column":null}},"53":{"start":{"line":157,"column":62},"end":{"line":157,"column":77}},"54":{"start":{"line":159,"column":6},"end":{"line":161,"column":null}},"55":{"start":{"line":160,"column":8},"end":{"line":160,"column":null}},"56":{"start":{"line":163,"column":17},"end":{"line":163,"column":null}},"57":{"start":{"line":164,"column":25},"end":{"line":164,"column":null}},"58":{"start":{"line":166,"column":24},"end":{"line":174,"column":null}},"59":{"start":{"line":176,"column":6},"end":{"line":176,"column":null}},"60":{"start":{"line":178,"column":6},"end":{"line":178,"column":null}},"61":{"start":{"line":179,"column":6},"end":{"line":179,"column":null}},"62":{"start":{"line":185,"column":4},"end":{"line":187,"column":null}},"63":{"start":{"line":186,"column":6},"end":{"line":186,"column":null}},"64":{"start":{"line":188,"column":4},"end":{"line":188,"column":null}},"65":{"start":{"line":193,"column":4},"end":{"line":193,"column":null}},"66":{"start":{"line":198,"column":4},"end":{"line":198,"column":null}},"67":{"start":{"line":203,"column":4},"end":{"line":203,"column":null}},"68":{"start":{"line":212,"column":4},"end":{"line":212,"column":null}},"69":{"start":{"line":217,"column":4},"end":{"line":217,"column":null}},"70":{"start":{"line":218,"column":17},"end":{"line":218,"column":null}},"71":{"start":{"line":219,"column":4},"end":{"line":219,"column":null}},"72":{"start":{"line":220,"column":4},"end":{"line":220,"column":null}},"73":{"start":{"line":225,"column":4},"end":{"line":225,"column":null}},"74":{"start":{"line":226,"column":17},"end":{"line":226,"column":null}},"75":{"start":{"line":227,"column":4},"end":{"line":227,"column":null}},"76":{"start":{"line":228,"column":4},"end":{"line":228,"column":null}},"77":{"start":{"line":233,"column":4},"end":{"line":233,"column":null}},"78":{"start":{"line":238,"column":4},"end":{"line":238,"column":null}},"79":{"start":{"line":243,"column":4},"end":{"line":243,"column":null}},"80":{"start":{"line":248,"column":4},"end":{"line":248,"column":null}},"81":{"start":{"line":253,"column":4},"end":{"line":253,"column":null}},"82":{"start":{"line":258,"column":4},"end":{"line":258,"column":null}},"83":{"start":{"line":264,"column":54},"end":{"line":264,"column":null}},"84":{"start":{"line":267,"column":4},"end":{"line":269,"column":null}},"85":{"start":{"line":268,"column":6},"end":{"line":268,"column":null}},"86":{"start":{"line":270,"column":4},"end":{"line":270,"column":null}},"87":{"start":{"line":274,"column":4},"end":{"line":274,"column":null}},"88":{"start":{"line":275,"column":4},"end":{"line":275,"column":null}},"89":{"start":{"line":279,"column":4},"end":{"line":282,"column":null}},"90":{"start":{"line":280,"column":6},"end":{"line":280,"column":null}},"91":{"start":{"line":281,"column":6},"end":{"line":281,"column":null}}},"fnMap":{"0":{"name":"(anonymous_0)","decl":{"start":{"line":21,"column":8},"end":{"line":21,"column":37}},"loc":{"start":{"line":21,"column":37},"end":{"line":47,"column":null}},"line":21},"1":{"name":"(anonymous_1)","decl":{"start":{"line":50,"column":8},"end":{"line":50,"column":18}},"loc":{"start":{"line":50,"column":49},"end":{"line":79,"column":null}},"line":50},"2":{"name":"(anonymous_2)","decl":{"start":{"line":52,"column":53},"end":{"line":52,"column":58}},"loc":{"start":{"line":52,"column":58},"end":{"line":52,"column":73}},"line":52},"3":{"name":"(anonymous_3)","decl":{"start":{"line":82,"column":8},"end":{"line":82,"column":21}},"loc":{"start":{"line":82,"column":85},"end":{"line":97,"column":null}},"line":82},"4":{"name":"(anonymous_4)","decl":{"start":{"line":100,"column":2},"end":{"line":100,"column":26}},"loc":{"start":{"line":100,"column":26},"end":{"line":103,"column":null}},"line":100},"5":{"name":"(anonymous_5)","decl":{"start":{"line":106,"column":8},"end":{"line":106,"column":16}},"loc":{"start":{"line":106,"column":57},"end":{"line":143,"column":null}},"line":106},"6":{"name":"(anonymous_6)","decl":{"start":{"line":146,"column":8},"end":{"line":146,"column":16}},"loc":{"start":{"line":146,"column":83},"end":{"line":181,"column":null}},"line":146},"7":{"name":"(anonymous_7)","decl":{"start":{"line":157,"column":57},"end":{"line":157,"column":62}},"loc":{"start":{"line":157,"column":62},"end":{"line":157,"column":77}},"line":157},"8":{"name":"(anonymous_8)","decl":{"start":{"line":184,"column":2},"end":{"line":184,"column":22}},"loc":{"start":{"line":184,"column":22},"end":{"line":189,"column":null}},"line":184},"9":{"name":"(anonymous_9)","decl":{"start":{"line":192,"column":2},"end":{"line":192,"column":21}},"loc":{"start":{"line":192,"column":21},"end":{"line":194,"column":null}},"line":192},"10":{"name":"(anonymous_10)","decl":{"start":{"line":197,"column":2},"end":{"line":197,"column":21}},"loc":{"start":{"line":197,"column":21},"end":{"line":199,"column":null}},"line":197},"11":{"name":"(anonymous_11)","decl":{"start":{"line":202,"column":2},"end":{"line":202,"column":24}},"loc":{"start":{"line":202,"column":24},"end":{"line":204,"column":null}},"line":202},"12":{"name":"(anonymous_12)","decl":{"start":{"line":211,"column":10},"end":{"line":211,"column":22}},"loc":{"start":{"line":211,"column":46},"end":{"line":213,"column":null}},"line":211},"13":{"name":"(anonymous_13)","decl":{"start":{"line":216,"column":15},"end":{"line":216,"column":52}},"loc":{"start":{"line":216,"column":52},"end":{"line":221,"column":null}},"line":216},"14":{"name":"(anonymous_14)","decl":{"start":{"line":224,"column":15},"end":{"line":224,"column":22}},"loc":{"start":{"line":224,"column":66},"end":{"line":229,"column":null}},"line":224},"15":{"name":"(anonymous_15)","decl":{"start":{"line":232,"column":8},"end":{"line":232,"column":16}},"loc":{"start":{"line":232,"column":57},"end":{"line":234,"column":null}},"line":232},"16":{"name":"(anonymous_16)","decl":{"start":{"line":237,"column":8},"end":{"line":237,"column":16}},"loc":{"start":{"line":237,"column":83},"end":{"line":239,"column":null}},"line":237},"17":{"name":"(anonymous_17)","decl":{"start":{"line":242,"column":2},"end":{"line":242,"column":22}},"loc":{"start":{"line":242,"column":22},"end":{"line":244,"column":null}},"line":242},"18":{"name":"(anonymous_18)","decl":{"start":{"line":247,"column":2},"end":{"line":247,"column":21}},"loc":{"start":{"line":247,"column":21},"end":{"line":249,"column":null}},"line":247},"19":{"name":"(anonymous_19)","decl":{"start":{"line":252,"column":2},"end":{"line":252,"column":21}},"loc":{"start":{"line":252,"column":21},"end":{"line":254,"column":null}},"line":252},"20":{"name":"(anonymous_20)","decl":{"start":{"line":257,"column":2},"end":{"line":257,"column":24}},"loc":{"start":{"line":257,"column":24},"end":{"line":259,"column":null}},"line":257},"21":{"name":"(anonymous_21)","decl":{"start":{"line":266,"column":15},"end":{"line":266,"column":57}},"loc":{"start":{"line":266,"column":57},"end":{"line":271,"column":null}},"line":266},"22":{"name":"(anonymous_22)","decl":{"start":{"line":273,"column":15},"end":{"line":273,"column":29}},"loc":{"start":{"line":273,"column":73},"end":{"line":276,"column":null}},"line":273},"23":{"name":"(anonymous_23)","decl":{"start":{"line":278,"column":9},"end":{"line":278,"column":23}},"loc":{"start":{"line":278,"column":23},"end":{"line":283,"column":null}},"line":278}},"branchMap":{"0":{"loc":{"start":{"line":83,"column":4},"end":{"line":85,"column":null}},"type":"if","locations":[{"start":{"line":83,"column":4},"end":{"line":85,"column":null}},{"start":{},"end":{}}],"line":83},"1":{"loc":{"start":{"line":107,"column":4},"end":{"line":109,"column":null}},"type":"if","locations":[{"start":{"line":107,"column":4},"end":{"line":109,"column":null}},{"start":{},"end":{}}],"line":107},"2":{"loc":{"start":{"line":147,"column":4},"end":{"line":149,"column":null}},"type":"if","locations":[{"start":{"line":147,"column":4},"end":{"line":149,"column":null}},{"start":{},"end":{}}],"line":147},"3":{"loc":{"start":{"line":151,"column":4},"end":{"line":154,"column":null}},"type":"if","locations":[{"start":{"line":151,"column":4},"end":{"line":154,"column":null}},{"start":{},"end":{}}],"line":151},"4":{"loc":{"start":{"line":159,"column":6},"end":{"line":161,"column":null}},"type":"if","locations":[{"start":{"line":159,"column":6},"end":{"line":161,"column":null}},{"start":{},"end":{}}],"line":159},"5":{"loc":{"start":{"line":185,"column":4},"end":{"line":187,"column":null}},"type":"if","locations":[{"start":{"line":185,"column":4},"end":{"line":187,"column":null}},{"start":{},"end":{}}],"line":185},"6":{"loc":{"start":{"line":267,"column":4},"end":{"line":269,"column":null}},"type":"if","locations":[{"start":{"line":267,"column":4},"end":{"line":269,"column":null}},{"start":{},"end":{}}],"line":267},"7":{"loc":{"start":{"line":279,"column":4},"end":{"line":282,"column":null}},"type":"if","locations":[{"start":{"line":279,"column":4},"end":{"line":282,"column":null}},{"start":{},"end":{}}],"line":279}},"s":{"0":20,"1":20,"2":20,"3":20,"4":20,"5":18,"6":18,"7":18,"8":18,"9":18,"10":18,"11":18,"12":18,"13":2,"14":2,"15":64,"16":2,"17":2,"18":2,"19":2,"20":2,"21":2,"22":0,"23":0,"24":18,"25":0,"26":18,"27":18,"28":18,"29":18,"30":18,"31":18,"32":18,"33":0,"34":18,"35":18,"36":18,"37":18,"38":18,"39":18,"40":18,"41":18,"42":18,"43":18,"44":18,"45":18,"46":18,"47":0,"48":18,"49":1,"50":1,"51":17,"52":17,"53":113373,"54":17,"55":0,"56":16,"57":16,"58":16,"59":16,"60":1,"61":1,"62":4,"63":0,"64":4,"65":8,"66":0,"67":2,"68":20,"69":18,"70":18,"71":18,"72":18,"73":2,"74":2,"75":2,"76":2,"77":18,"78":18,"79":4,"80":8,"81":0,"82":2,"83":1,"84":2,"85":1,"86":2,"87":1,"88":1,"89":14,"90":2,"91":2},"f":{"0":18,"1":2,"2":64,"3":18,"4":18,"5":18,"6":18,"7":113373,"8":4,"9":8,"10":0,"11":2,"12":20,"13":1,"14":1,"15":18,"16":18,"17":4,"18":8,"19":0,"20":2,"21":1,"22":1,"23":1},"b":{"0":[0,18],"1":[0,18],"2":[0,18],"3":[1,17],"4":[0,17],"5":[0,4],"6":[1,1],"7":[2,12]},"meta":{"lastBranch":8,"lastFunction":24,"lastStatement":92,"seen":{"s:14:34:14:Infinity":0,"s:15:26:15:Infinity":1,"s:16:39:16:Infinity":2,"s:17:36:17:Infinity":3,"s:18:38:18:Infinity":4,"f:21:8:21:37":0,"s:22:4:29:Infinity":5,"s:31:21:31:Infinity":6,"s:32:4:32:Infinity":7,"s:34:19:34:Infinity":8,"s:35:4:35:Infinity":9,"s:37:28:43:Infinity":10,"s:44:4:44:Infinity":11,"s:46:4:46:Infinity":12,"f:50:8:50:18":1,"s:51:4:78:Infinity":13,"s:52:23:52:Infinity":14,"f:52:53:52:58":2,"s:52:58:52:73":15,"s:54:6:60:Infinity":16,"s:62:6:62:Infinity":17,"s:63:6:63:Infinity":18,"s:65:30:71:Infinity":19,"s:72:6:72:Infinity":20,"s:74:6:74:Infinity":21,"s:76:6:76:Infinity":22,"s:77:6:77:Infinity":23,"f:82:8:82:21":3,"b:83:4:85:Infinity:undefined:undefined:undefined:undefined":0,"s:83:4:85:Infinity":24,"s:84:6:84:Infinity":25,"s:87:20:87:Infinity":26,"s:88:20:88:Infinity":27,"s:90:22:94:Infinity":28,"s:96:4:96:Infinity":29,"f:100:2:100:26":4,"s:101:18:101:Infinity":30,"s:102:4:102:Infinity":31,"f:106:8:106:16":5,"b:107:4:109:Infinity:undefined:undefined:undefined:undefined":1,"s:107:4:109:Infinity":32,"s:108:6:108:Infinity":33,"s:111:20:111:Infinity":34,"s:112:17:112:Infinity":35,"s:114:15:114:Infinity":36,"s:116:23:124:Infinity":37,"s:126:19:126:Infinity":38,"s:127:4:127:Infinity":39,"s:128:4:128:Infinity":40,"s:130:21:130:Infinity":41,"s:131:18:131:Infinity":42,"s:132:26:132:Infinity":43,"s:134:17:134:Infinity":44,"s:136:4:142:Infinity":45,"f:146:8:146:16":6,"b:147:4:149:Infinity:undefined:undefined:undefined:undefined":2,"s:147:4:149:Infinity":46,"s:148:6:148:Infinity":47,"b:151:4:154:Infinity:undefined:undefined:undefined:undefined":3,"s:151:4:154:Infinity":48,"s:152:6:152:Infinity":49,"s:153:6:153:Infinity":50,"s:156:4:180:Infinity":51,"s:157:19:157:Infinity":52,"f:157:57:157:62":7,"s:157:62:157:77":53,"b:159:6:161:Infinity:undefined:undefined:undefined:undefined":4,"s:159:6:161:Infinity":54,"s:160:8:160:Infinity":55,"s:163:17:163:Infinity":56,"s:164:25:164:Infinity":57,"s:166:24:174:Infinity":58,"s:176:6:176:Infinity":59,"s:178:6:178:Infinity":60,"s:179:6:179:Infinity":61,"f:184:2:184:22":8,"b:185:4:187:Infinity:undefined:undefined:undefined:undefined":5,"s:185:4:187:Infinity":62,"s:186:6:186:Infinity":63,"s:188:4:188:Infinity":64,"f:192:2:192:21":9,"s:193:4:193:Infinity":65,"f:197:2:197:21":10,"s:198:4:198:Infinity":66,"f:202:2:202:24":11,"s:203:4:203:Infinity":67,"f:211:10:211:22":12,"s:212:4:212:Infinity":68,"f:216:15:216:52":13,"s:217:4:217:Infinity":69,"s:218:17:218:Infinity":70,"s:219:4:219:Infinity":71,"s:220:4:220:Infinity":72,"f:224:15:224:22":14,"s:225:4:225:Infinity":73,"s:226:17:226:Infinity":74,"s:227:4:227:Infinity":75,"s:228:4:228:Infinity":76,"f:232:8:232:16":15,"s:233:4:233:Infinity":77,"f:237:8:237:16":16,"s:238:4:238:Infinity":78,"f:242:2:242:22":17,"s:243:4:243:Infinity":79,"f:247:2:247:21":18,"s:248:4:248:Infinity":80,"f:252:2:252:21":19,"s:253:4:253:Infinity":81,"f:257:2:257:24":20,"s:258:4:258:Infinity":82,"s:264:54:264:Infinity":83,"f:266:15:266:57":21,"b:267:4:269:Infinity:undefined:undefined:undefined:undefined":6,"s:267:4:269:Infinity":84,"s:268:6:268:Infinity":85,"s:270:4:270:Infinity":86,"f:273:15:273:29":22,"s:274:4:274:Infinity":87,"s:275:4:275:Infinity":88,"f:278:9:278:23":23,"b:279:4:282:Infinity:undefined:undefined:undefined:undefined":7,"s:279:4:282:Infinity":89,"s:280:6:280:Infinity":90,"s:281:6:281:Infinity":91}}}
}
